2026-Mar-10-Tue 20:05:09 - INFO - activity_logger - application started
2026-Mar-10-Tue 20:05:13 - INFO - activity_logger - application stopped by error
2026-Mar-10-Tue 20:05:16 - INFO - activity_logger - application started
2026-Mar-10-Tue 20:05:19 - INFO - activity_logger - application ended with out error
2026-Mar-10-Tue 20:05:21 - INFO - activity_logger - application started
2026-Mar-10-Tue 20:05:25 - INFO - activity_logger - application stopped by error
2026-Mar-10-Tue 20:13:35 - INFO - activity_logger - application started
2026-Mar-10-Tue 20:13:41 - INFO - activity_logger - application stopped by error
2026-Mar-10-Tue 20:13:44 - INFO - activity_logger - application started
2026-Mar-10-Tue 20:13:47 - INFO - activity_logger - application ended with out error
2026-Mar-10-Tue 20:13:50 - INFO - activity_logger - application started
2026-Mar-10-Tue 20:13:52 - INFO - activity_logger - application stopped by error
2026-Mar-10-Tue 20:13:54 - INFO - activity_logger - application started
2026-Mar-10-Tue 20:13:56 - INFO - activity_logger - application stopped by error
2026-Mar-10-Tue 20:14:00 - INFO - activity_logger - application started
2026-Mar-10-Tue 20:14:02 - INFO - activity_logger - application stopped by error
2026-Mar-10-Tue 20:14:03 - INFO - activity_logger - application started
2026-Mar-10-Tue 20:14:04 - INFO - activity_logger - application stopped by error
2026-Mar-10-Tue 20:14:05 - INFO - activity_logger - application started
2026-Mar-10-Tue 20:14:08 - INFO - activity_logger - application stopped by error
2026-Mar-10-Tue 20:20:54 - INFO - activity_logger - application started
2026-Mar-10-Tue 20:21:06 - INFO - activity_logger - application stopped by error
2026-Mar-10-Tue 20:21:09 - INFO - activity_logger - application started
2026-Mar-10-Tue 20:21:16 - INFO - activity_logger - application ended with out error
2026-Mar-10-Tue 20:21:18 - INFO - activity_logger - application started
2026-Mar-10-Tue 20:21:22 - INFO - activity_logger - application stopped by error
2026-Mar-10-Tue 20:31:29 - INFO - activity_logger - application started
2026-Mar-10-Tue 20:31:34 - WARNING - activity_logger - Incorrect Username!!
2026-Mar-10-Tue 20:31:44 - INFO - activity_logger - application started
2026-Mar-10-Tue 20:31:53 - WARNING - activity_logger - Incorrect Password!!
2026-Mar-10-Tue 20:31:55 - INFO - activity_logger - application started
2026-Mar-10-Tue 20:32:04 - INFO - activity_logger - user ABC123 logged!
2026-Mar-10-Tue 20:32:19 - INFO - activity_logger - application stopped by error
2026-Mar-10-Tue 20:32:23 - INFO - activity_logger - application started
2026-Mar-10-Tue 20:32:32 - INFO - activity_logger - user ABC123 logged!
2026-Mar-10-Tue 20:32:39 - INFO - activity_logger - application ended with out error
